c:\users\ywc\desktop\ray-tracer\ray-tracer\x64\release\vc141.pdb
c:\users\ywc\desktop\ray-tracer\ray-tracer\x64\release\raytracing.obj
c:\users\ywc\desktop\ray-tracer\ray-tracer\x64\release\ray.obj
c:\users\ywc\desktop\ray-tracer\ray-tracer\x64\release\vector4d.obj
c:\users\ywc\desktop\ray-tracer\ray-tracer\x64\release\vector3d.obj
c:\users\ywc\desktop\ray-tracer\ray-tracer\x64\release\vector2d.obj
c:\users\ywc\desktop\ray-tracer\ray-tracer\x64\release\quaternion.obj
c:\users\ywc\desktop\ray-tracer\ray-tracer\x64\release\matrix4x4.obj
c:\users\ywc\desktop\ray-tracer\ray-tracer\x64\release\material.obj
c:\users\ywc\desktop\ray-tracer\ray-tracer\x64\release\camera.obj
c:\users\ywc\desktop\ray-tracer\ray-tracer\x64\release\main.obj
c:\users\ywc\desktop\ray-tracer\ray-tracer\x64\release\hitable.obj
c:\users\ywc\desktop\ray-tracer\x64\release\ray-tracer.ipdb
c:\users\ywc\desktop\ray-tracer\x64\release\ray-tracer.iobj
c:\users\ywc\desktop\ray-tracer\x64\release\ray-tracer.pdb
c:\users\ywc\desktop\ray-tracer\ray-tracer\x64\release\ray-tracer.tlog\cl.command.1.tlog
c:\users\ywc\desktop\ray-tracer\ray-tracer\x64\release\ray-tracer.tlog\cl.read.1.tlog
c:\users\ywc\desktop\ray-tracer\ray-tracer\x64\release\ray-tracer.tlog\cl.write.1.tlog
c:\users\ywc\desktop\ray-tracer\ray-tracer\x64\release\ray-tracer.tlog\link.command.1.tlog
c:\users\ywc\desktop\ray-tracer\ray-tracer\x64\release\ray-tracer.tlog\link.read.1.tlog
c:\users\ywc\desktop\ray-tracer\ray-tracer\x64\release\ray-tracer.tlog\link.write.1.tlog
c:\users\ywc\desktop\ray-tracer\ray-tracer\x64\release\ray-tracer.tlog\ray-tracer.write.1u.tlog
